\BOOKMARK [0][-]{section*.6}{Notation}{}% 1
\BOOKMARK [0][-]{chapter.1}{Introduction}{}% 2
\BOOKMARK [0][-]{chapter.2}{Peremptory Challenges}{}% 3
\BOOKMARK [1][-]{section.2.1}{History}{chapter.2}% 4
\BOOKMARK [2][-]{subsection.2.1.1}{Pre-English History}{section.2.1}% 5
\BOOKMARK [2][-]{subsection.2.1.2}{In English Law \(1066\2051988\)}{section.2.1}% 6
\BOOKMARK [2][-]{subsection.2.1.3}{In American Law \(ca. 1700\2051986\)}{section.2.1}% 7
\BOOKMARK [2][-]{subsection.2.1.4}{In Canadian Law \(1867\2051988\)}{section.2.1}% 8
\BOOKMARK [1][-]{section.2.2}{Modern Practice}{chapter.2}% 9
\BOOKMARK [2][-]{subsection.2.2.1}{In American Law}{section.2.2}% 10
\BOOKMARK [2][-]{subsection.2.2.2}{In Canadian Law}{section.2.2}% 11
\BOOKMARK [2][-]{subsection.2.2.3}{The Gerald Stanley Trial}{section.2.2}% 12
\BOOKMARK [0][-]{chapter.3}{First Chapter}{}% 13
\BOOKMARK [1][-]{section.3.1}{To include a picture}{chapter.3}% 14
\BOOKMARK [1][-]{section.3.2}{To make a proof}{chapter.3}% 15
\BOOKMARK [1][-]{section.3.3}{To include Rcode}{chapter.3}% 16
\BOOKMARK [1][-]{section.3.4}{Other information}{chapter.3}% 17
\BOOKMARK [0][-]{chapter.4}{Summary}{}% 18
\BOOKMARK [1][-]{section.4.1}{Future Work}{chapter.4}% 19
\BOOKMARK [0][-]{section*.8}{Bibliography}{}% 20
\BOOKMARK [0][-]{appendix.A}{Complementary information}{}% 21
\BOOKMARK [1][-]{section.A.1}{Including Rcode with verbatim}{appendix.A}% 22
\BOOKMARK [1][-]{section.A.2}{Including Rcode with the listings package}{appendix.A}% 23
\BOOKMARK [1][-]{section.A.3}{Using Sweave to include Rcode \(and more\) in your report}{appendix.A}% 24
\BOOKMARK [0][-]{appendix.B}{Yet another appendix....}{}% 25
\BOOKMARK [1][-]{section.B.1}{Description}{appendix.B}% 26
\BOOKMARK [1][-]{section.B.2}{Tables}{appendix.B}% 27
\BOOKMARK [0][-]{section*.10}{Epilogue}{}% 28
